0 info it worked if it ends with ok
1 verbose cli [ '/usr/bin/nodejs', '/usr/local/bin/npm', 'run', 'build' ]
2 info using npm@3.5.3
3 info using node@v5.5.0
4 verbose run-script [ 'prebuild', 'build', 'postbuild' ]
5 info lifecycle stuffpass-chat-extention-frontend@0.0.0~prebuild: stuffpass-chat-extention-frontend@0.0.0
6 silly lifecycle stuffpass-chat-extention-frontend@0.0.0~prebuild: no script for prebuild, continuing
7 info lifecycle stuffpass-chat-extention-frontend@0.0.0~build: stuffpass-chat-extention-frontend@0.0.0
8 verbose lifecycle stuffpass-chat-extention-frontend@0.0.0~build: unsafe-perm in lifecycle true
9 verbose lifecycle stuffpass-chat-extention-frontend@0.0.0~build: PATH: /usr/local/lib/node_modules/npm/bin/node-gyp-bin:/home/qinyeli/Desktop/stuffpass_front/node_modules/.bin:/usr/lib/jvm/jdk1.7.0_10/bin:/usr/local/sbin:/usr/local/bin:/usr/sbin:/usr/bin:/sbin:/bin:/usr/games:/usr/local/games:/home/qinyeli/bin:/usr/local/java/jdk1.8.0_20/bin:~/WebStorm-143.1559.5/bin
10 verbose lifecycle stuffpass-chat-extention-frontend@0.0.0~build: CWD: /home/qinyeli/Desktop/stuffpass_front
11 silly lifecycle stuffpass-chat-extention-frontend@0.0.0~build: Args: [ '-c',
11 silly lifecycle   'browserify -t babelify --presets react --presets es2015 -d -e javascripts/chat.jsx -o ./public/bundle.js -v' ]
12 silly lifecycle stuffpass-chat-extention-frontend@0.0.0~build: Returned: code: 1  signal: null
13 info lifecycle stuffpass-chat-extention-frontend@0.0.0~build: Failed to exec build script
14 verbose stack Error: stuffpass-chat-extention-frontend@0.0.0 build: `browserify -t babelify --presets react --presets es2015 -d -e javascripts/chat.jsx -o ./public/bundle.js -v`
14 verbose stack Exit status 1
14 verbose stack     at EventEmitter.<anonymous> (/usr/local/lib/node_modules/npm/lib/utils/lifecycle.js:232:16)
14 verbose stack     at emitTwo (events.js:100:13)
14 verbose stack     at EventEmitter.emit (events.js:185:7)
14 verbose stack     at ChildProcess.<anonymous> (/usr/local/lib/node_modules/npm/lib/utils/spawn.js:24:14)
14 verbose stack     at emitTwo (events.js:100:13)
14 verbose stack     at ChildProcess.emit (events.js:185:7)
14 verbose stack     at maybeClose (internal/child_process.js:821:16)
14 verbose stack     at Process.ChildProcess._handle.onexit (internal/child_process.js:211:5)
15 verbose pkgid stuffpass-chat-extention-frontend@0.0.0
16 verbose cwd /home/qinyeli/Desktop/stuffpass_front
17 error Linux 4.2.0-16-generic
18 error argv "/usr/bin/nodejs" "/usr/local/bin/npm" "run" "build"
19 error node v5.5.0
20 error npm  v3.5.3
21 error code ELIFECYCLE
22 error stuffpass-chat-extention-frontend@0.0.0 build: `browserify -t babelify --presets react --presets es2015 -d -e javascripts/chat.jsx -o ./public/bundle.js -v`
22 error Exit status 1
23 error Failed at the stuffpass-chat-extention-frontend@0.0.0 build script 'browserify -t babelify --presets react --presets es2015 -d -e javascripts/chat.jsx -o ./public/bundle.js -v'.
23 error Make sure you have the latest version of node.js and npm installed.
23 error If you do, this is most likely a problem with the stuffpass-chat-extention-frontend package,
23 error not with npm itself.
23 error Tell the author that this fails on your system:
23 error     browserify -t babelify --presets react --presets es2015 -d -e javascripts/chat.jsx -o ./public/bundle.js -v
23 error You can get information on how to open an issue for this project with:
23 error     npm bugs stuffpass-chat-extention-frontend
23 error Or if that isn't available, you can get their info via:
23 error     npm owner ls stuffpass-chat-extention-frontend
23 error There is likely additional logging output above.
24 verbose exit [ 1, true ]
